2024-11-12 23:52:46,518 - INFO - Connecting to map hub
2024-11-12 23:52:49,928 - INFO - Connection successful
2024-11-12 23:52:49,928 - INFO - Connecting to object storage
2024-11-12 23:53:22,930 - INFO - Downloading photos on the traps layer
2024-11-12 23:53:51,665 - INFO - Downloading photos on the trap checks layer
2024-11-12 23:54:53,893 - INFO - Downloading photos on the fisher layer
2024-11-12 23:55:06,262 - INFO - Creating report
2024-11-12 23:55:06,263 - INFO - Generating traps sheet
2024-11-12 23:55:07,430 - INFO - Generating trap checks sheet
2024-11-12 23:55:08,938 - INFO - Generating fisher sheet
2024-11-12 23:55:09,707 - INFO - Uploading document to object storage
2024-11-12 23:55:09,863 - INFO - Creating WILD report
2024-11-12 23:55:11,370 - INFO - Getting info from TR0331T005_T005_1
2024-11-12 23:55:13,019 - INFO - Getting info from TR0331T005_T005_2
2024-11-12 23:55:14,199 - INFO - Getting info from TR0331T005_T005_3
2024-11-12 23:55:15,753 - INFO - Getting info from TR0331T005_T005_4
2024-11-12 23:55:17,058 - INFO - Getting info from TR0331T005_T005_5
2024-11-12 23:55:18,524 - INFO - Getting info from TR0331T005_T005_6
2024-11-12 23:55:19,658 - INFO - Getting info from TR0331T005_T005_7
2024-11-12 23:55:20,782 - INFO - Getting info from TR0331T005_T005_8
2024-11-12 23:55:22,355 - INFO - Getting info from TR0331T005_T005_9
2024-11-12 23:55:23,482 - INFO - Getting info from TR0331T005_T005_10
2024-11-12 23:55:24,611 - INFO - Getting info from TR0331T005_T005_11
2024-11-12 23:55:26,019 - INFO - Getting info from TR0331T005_T005_12
2024-11-12 23:55:27,282 - INFO - Getting info from TR0331T005_T005_13
2024-11-12 23:55:28,854 - INFO - Getting info from TR0331T005_T005_14
2024-11-12 23:55:29,996 - INFO - Getting info from TR0331T005_T005_18
2024-11-12 23:55:31,384 - INFO - Getting info from TR0331T005_T005_15
2024-11-12 23:55:33,001 - INFO - Getting info from TR0331T005_T005_16
2024-11-12 23:55:34,534 - INFO - Getting info from TR0331T005_T005_17
2024-11-12 23:55:35,774 - INFO - Getting info from TR0330T006_T006_1
2024-11-12 23:55:37,167 - INFO - Getting info from TR0330T006_T006_2
2024-11-12 23:55:38,801 - INFO - Getting info from TR0330T006_T006_3
2024-11-12 23:55:40,456 - INFO - Getting info from TR0330T006_T006_4
2024-11-12 23:55:41,848 - INFO - Getting info from TR0330T006_T006_5
2024-11-12 23:55:43,079 - INFO - Getting info from TR0330T006_T006_6
2024-11-12 23:55:44,468 - INFO - Getting info from TR0712T012_T012_1
2024-11-12 23:55:45,654 - INFO - Getting info from TR0712T012_T012_2
2024-11-12 23:55:47,220 - INFO - Getting info from TR0712T012_T012_3
2024-11-12 23:55:48,437 - INFO - Getting info from TR0712T010_T010_1
2024-11-12 23:55:49,812 - INFO - Getting info from TR0712T010_T010_2
2024-11-12 23:55:51,435 - INFO - Getting info from TR0712T012_T012_4
2024-11-12 23:55:51,941 - INFO - Getting info from TR0712T012_T012_5
2024-11-12 23:55:52,266 - INFO - Getting info from TR0317T005_T005_1
2024-11-12 23:55:52,509 - INFO - Getting info from TR0714T005_T005_1
2024-11-12 23:55:53,713 - INFO - Getting info from TR0714T005_T005_2
2024-11-12 23:55:55,253 - INFO - Getting info from TR0714T005_T005_3
2024-11-12 23:55:56,920 - INFO - Getting info from TR0515T003_T003_1
2024-11-12 23:55:58,471 - INFO - Getting info from TR0515T003_T003_2
2024-11-12 23:55:59,925 - INFO - Getting info from TR0715T013_T013_1
2024-11-12 23:56:01,465 - INFO - Getting info from TR0515T003_T003_3
2024-11-12 23:56:01,711 - INFO - Getting info from TR0515T003_T003_4
2024-11-12 23:56:01,960 - INFO - Getting info from TR0715T013_T013_2
2024-11-12 23:56:02,256 - INFO - Getting info from TR0331T002_T002_1
2024-11-12 23:56:02,509 - INFO - Getting info from TR0331T002_T002_2
2024-11-12 23:56:02,801 - INFO - Getting info from TR0331T002_T002_3
2024-11-12 23:56:03,206 - INFO - Getting info from TR0331T002_T002_4
2024-11-12 23:56:03,486 - INFO - Getting info from TR0331T002_T002_5
2024-11-12 23:56:03,974 - INFO - Getting info from TR0331T002_T002_6
2024-11-12 23:56:04,435 - INFO - Getting info from TR0712T010_T010_3
2024-11-12 23:56:05,922 - INFO - Getting info from TR0712T010_T010_4
2024-11-12 23:56:07,809 - INFO - Getting info from TR0712T010_T010_5
2024-11-12 23:56:09,050 - INFO - Getting info from TR0712T010_T010_6
2024-11-12 23:56:10,400 - INFO - Getting info from TR0712T009_T009_1
2024-11-12 23:56:12,067 - INFO - Getting info from TR0712T012_T012_6
2024-11-12 23:56:13,655 - INFO - Getting info from TR0712T012_T012_7
2024-11-12 23:56:15,110 - INFO - Getting info from TR0712T012_T012_8
2024-11-12 23:56:16,297 - INFO - Getting info from TR0712T012_T012_9
2024-11-12 23:56:16,579 - INFO - Getting info from TR0712T012_T012_10
2024-11-12 23:56:17,978 - INFO - Getting info from TR0712T012_T012_11
2024-11-12 23:56:19,353 - INFO - Getting info from TR0712T012_T012_12
2024-11-12 23:56:20,760 - INFO - Getting info from TR0712T012_T012_13
2024-11-12 23:56:21,909 - INFO - Getting info from TR0515T019_T019_1
2024-11-12 23:56:22,150 - INFO - Getting info from TR0502T054_T054_1
2024-11-12 23:56:22,389 - INFO - Getting info from TR0515T019_T019_2
2024-11-12 23:56:22,679 - INFO - Getting info from TR0331T005_T005_19
2024-11-12 23:56:24,063 - INFO - Getting info from TR0331T002_T002_7
2024-11-12 23:56:24,309 - INFO - Getting info from TR0331T002_T002_8
2024-11-12 23:56:24,913 - INFO - Getting info from TR0331T002_T002_9
2024-11-12 23:56:25,392 - INFO - Getting info from TR0331T005_T005_20
2024-11-12 23:56:25,895 - INFO - Getting info from TR0331T005_T005_21
2024-11-12 23:56:26,179 - INFO - Getting info from TR0331T005_T005_22
2024-11-12 23:56:27,352 - INFO - Getting info from TR0513T018_T018_1
2024-11-12 23:56:27,815 - INFO - Getting info from TR0331T005_T005_23
2024-11-12 23:56:29,094 - INFO - Getting info from TR0502T054_T054_2
2024-11-12 23:56:29,384 - INFO - Getting info from TR0712T010_T010_7
2024-11-12 23:56:31,226 - INFO - Getting info from TR0712T012_T012_14
2024-11-12 23:56:32,633 - INFO - Getting info from TR0712T012_T012_15
2024-11-12 23:56:34,148 - INFO - Getting info from TR0331T005_T005_24
2024-11-12 23:56:34,398 - INFO - Getting info from TR0331T005_T005_25
2024-11-12 23:56:35,752 - INFO - Getting info from TR0331T005_T005_26
2024-11-12 23:56:37,296 - INFO - Getting info from TR0331T005_T005_27
2024-11-12 23:56:38,402 - INFO - Getting info from TR0331T005_T005_28
2024-11-12 23:56:39,730 - INFO - Getting info from TR0331T005_T005_29
2024-11-12 23:56:40,891 - INFO - Getting info from TR0710T007_T007_1
2024-11-12 23:56:42,234 - INFO - Getting info from TR0725T001_T001_1
2024-11-12 23:56:42,502 - INFO - Getting info from TR0330T006_T006_7
2024-11-12 23:56:43,741 - INFO - Getting info from TR0331T005_T005_30
2024-11-12 23:56:44,054 - INFO - Getting info from TR0331T005_T005_31
2024-11-12 23:56:44,317 - INFO - Getting info from UNKNOWN_NOWN_1
2024-11-12 23:56:45,625 - INFO - Getting info from UNKNOWN_NOWN_2
2024-11-12 23:56:46,739 - INFO - Getting info from TR0712T012_T012_16
2024-11-12 23:56:47,997 - INFO - Getting info from TR0712T012_T012_17
2024-11-12 23:56:49,387 - INFO - Getting info from TR0712T012_T012_18
2024-11-12 23:56:50,648 - INFO - Getting info from TR0712T012_T012_19
2024-11-12 23:56:51,088 - INFO - Getting info from TR0712T012_T012_20
2024-11-12 23:56:52,445 - INFO - Getting info from TR0712T012_T012_21
2024-11-12 23:56:54,059 - INFO - Getting info from TR0615T010_T010_1
2024-11-12 23:56:55,651 - INFO - Getting info from TR0615T010_T010_2
2024-11-12 23:56:56,817 - INFO - Getting info from TR0615T010_T010_3
2024-11-12 23:56:58,221 - INFO - Getting info from TR0712T010_T010_8
2024-11-12 23:56:59,619 - INFO - Getting info from TR0712T012_T012_22
2024-11-12 23:57:01,303 - INFO - Getting info from TR0502T018_T018_1
2024-11-12 23:57:03,191 - INFO - Getting info from TR0502T018_T018_2
2024-11-12 23:57:04,634 - INFO - Getting info from TR0502T018_T018_3
2024-11-12 23:57:06,581 - INFO - Getting info from TR0502T018_T018_4
2024-11-12 23:57:07,957 - INFO - Getting info from TR0502T018_T018_5
2024-11-12 23:57:09,676 - INFO - Getting info from TR0502T018_T018_6
2024-11-12 23:57:11,145 - INFO - Getting info from TR0502T018_T018_7
2024-11-12 23:57:12,903 - INFO - Getting info from TR0502T018_T018_8
2024-11-12 23:57:14,364 - INFO - Getting info from TR0502T018_T018_9
2024-11-12 23:57:16,352 - INFO - Getting info from TR0502T018_T018_10
2024-11-12 23:57:17,930 - INFO - Getting info from TR0502T018_T018_11
2024-11-12 23:57:19,132 - INFO - Getting info from TR0502T018_T018_12
2024-11-12 23:57:20,780 - INFO - Getting info from TR0502T018_T018_13
2024-11-12 23:57:22,305 - INFO - Getting info from TR0502T018_T018_14
2024-11-12 23:57:23,804 - INFO - Getting info from TR0502T018_T018_15
2024-11-12 23:57:25,279 - INFO - Getting info from UNKNOWN_NOWN_3
2024-11-12 23:57:25,738 - INFO - Getting info from TR0502T005_T005_1
2024-11-12 23:57:27,463 - INFO - Getting info from UNKNOWN_NOWN_4
2024-11-12 23:57:28,986 - INFO - Getting info from TR0331T005_T005_32
2024-11-12 23:57:29,277 - INFO - Getting info from TR0331T005_T005_33
2024-11-12 23:57:29,435 - INFO - Getting info from TR0331T006_T006_1
2024-11-12 23:57:29,706 - INFO - Getting info from TR0331T005_
2024-11-12 23:57:31,249 - INFO - Getting info from TR0331T005_T005_34
2024-11-12 23:57:31,709 - INFO - Working on trap year: 2023/24
2024-11-12 23:57:31,709 - INFO - Creating report for TR0330T006
2024-11-12 23:57:31,709 - INFO - [['2023/24', 'Yes', 'Registered Trapline', 'TR0330T006', 'December', '', '330', 0, 'No', None, ''], ['2023/24', 'Yes', 'Registered Trapline', 'TR0330T006', 'December', '', '330', 0, 'No', None, ''], ['2023/24', 'Yes', 'Registered Trapline', 'TR0330T006', 'December', '', '330', 0, 'No', None, ''], ['2023/24', 'Yes', 'Registered Trapline', 'TR0330T006', 'December', 'Weasel', '330', 0, 'No', None, ''], ['2023/24', 'Yes', 'Registered Trapline', 'TR0330T006', 'December', 'Weasel', '330', 0, 'No', None, ''], ['2023/24', 'Yes', 'Registered Trapline', 'TR0330T006', 'December', 'Weasel', '330', 3, 'No', None, ''], ['2023/24', 'Yes', 'Registered Trapline', 'TR0330T006', 'December', 'Flying squirrel ', '330', 0, 'No', None, ''], ['2023/24', 'Yes', 'Registered Trapline', 'TR0330T006', 'December', 'Flying squirrel ', '330', 0, 'No', None, ''], ['2023/24', 'Yes', 'Registered Trapline', 'TR0330T006', 'December', 'Flying squirrel ', '330', 1, 'No', None, ''], ['2023/24', 'Yes', 'Registered Trapline', 'TR0330T006', 'December', 'Marten', '330', 0, 'No', None, ''], ['2023/24', 'Yes', 'Registered Trapline', 'TR0330T006', 'December', 'Marten', '330', 0, 'No', None, ''], ['2023/24', 'Yes', 'Registered Trapline', 'TR0330T006', 'December', 'Marten', '330', 1, 'No', None, ''], ['2023/24', 'Yes', 'Registered Trapline', 'TR0330T006', 'January', 'Squirrel', '330', 0, 'No', None, ''], ['2023/24', 'Yes', 'Registered Trapline', 'TR0330T006', 'January', 'Squirrel', '330', 0, 'No', None, ''], ['2023/24', 'Yes', 'Registered Trapline', 'TR0330T006', 'January', 'Squirrel', '330', 1, 'No', None, ''], ['2023/24', 'Yes', 'Registered Trapline', 'TR0330T006', 'January', '', '330', 0, 'No', None, ''], ['2023/24', 'Yes', 'Registered Trapline', 'TR0330T006', 'January', '', '330', 0, 'No', None, ''], ['2023/24', 'Yes', 'Registered Trapline', 'TR0330T006', 'January', '', '330', 0, 'No', None, ''], ['2023/24', 'Yes', 'Registered Trapline', 'TR0330T006', 'January', 'Weasel', '330', 0, 'No', None, ''], ['2023/24', 'Yes', 'Registered Trapline', 'TR0330T006', 'January', 'Weasel', '330', 0, 'No', None, ''], ['2023/24', 'Yes', 'Registered Trapline', 'TR0330T006', 'January', 'Weasel', '330', 4, 'No', None, ''], ['2023/24', 'Yes', 'Registered Trapline', 'TR0330T006', 'January', 'Fisher', '330', 0, 'No', None, ''], ['2023/24', 'Yes', 'Registered Trapline', 'TR0330T006', 'January', 'Fisher', '330', 0, 'No', None, ''], ['2023/24', 'Yes', 'Registered Trapline', 'TR0330T006', 'January', 'Fisher', '330', 1, 'No', None, ''], ['2023/24', 'Yes', 'Registered Trapline', 'TR0330T006', 'February', '', '330', 0, 'No', None, ''], ['2023/24', 'Yes', 'Registered Trapline', 'TR0330T006', 'February', '', '330', 0, 'No', None, ''], ['2023/24', 'Yes', 'Registered Trapline', 'TR0330T006', 'February', '', '330', 0, 'No', None, ''], ['2023/24', 'Yes', 'Registered Trapline', 'TR0330T006', 'February', 'Weasel', '330', 0, 'No', None, ''], ['2023/24', 'Yes', 'Registered Trapline', 'TR0330T006', 'February', 'Weasel', '330', 0, 'No', None, ''], ['2023/24', 'Yes', 'Registered Trapline', 'TR0330T006', 'February', 'Weasel', '330', 2, 'No', None, ''], ['2023/24', 'Yes', 'Registered Trapline', 'TR0330T006', 'February', 'Squirrel', '330', 0, 'No', None, ''], ['2023/24', 'Yes', 'Registered Trapline', 'TR0330T006', 'February', 'Squirrel', '330', 0, 'No', None, ''], ['2023/24', 'Yes', 'Registered Trapline', 'TR0330T006', 'February', 'Squirrel', '330', 1, 'No', None, '']]
2024-11-12 23:57:31,709 - ERROR - There was an exception
Traceback (most recent call last):
  File "/usr/share/miniconda/envs/trapper_env/lib/python3.9/site-packages/pandas/core/internals/construction.py", line 934, in _finalize_columns_and_data
    columns = _validate_or_indexify_columns(contents, columns)
  File "/usr/share/miniconda/envs/trapper_env/lib/python3.9/site-packages/pandas/core/internals/construction.py", line 981, in _validate_or_indexify_columns
    raise AssertionError(
AssertionError: 13 columns passed, passed data had 11 columns

The above exception was the direct cause of the following exception:

Traceback (most recent call last):
  File "/home/runner/work/trapper-data-reporting/trapper-data-reporting/trapper_data_collection/trapper_reporting.py", line 28, in run_app
    report.create_wild_report()
  File "/home/runner/work/trapper-data-reporting/trapper-data-reporting/trapper_data_collection/trapper_reporting.py", line 273, in create_wild_report
    df = pd.DataFrame(data=lst_traps, columns=columns)
  File "/usr/share/miniconda/envs/trapper_env/lib/python3.9/site-packages/pandas/core/frame.py", line 782, in __init__
    arrays, columns, index = nested_data_to_arrays(
  File "/usr/share/miniconda/envs/trapper_env/lib/python3.9/site-packages/pandas/core/internals/construction.py", line 498, in nested_data_to_arrays
    arrays, columns = to_arrays(data, columns, dtype=dtype)
  File "/usr/share/miniconda/envs/trapper_env/lib/python3.9/site-packages/pandas/core/internals/construction.py", line 840, in to_arrays
    content, columns = _finalize_columns_and_data(arr, columns, dtype)
  File "/usr/share/miniconda/envs/trapper_env/lib/python3.9/site-packages/pandas/core/internals/construction.py", line 937, in _finalize_columns_and_data
    raise ValueError(err) from err
ValueError: 13 columns passed, passed data had 11 columns
2024-11-12 23:57:31,711 - INFO - Disconnecting from maphub
2024-11-12 23:57:31,711 - INFO - Closing object storage connection
