2024-11-13 02:02:13,348 - INFO - Connecting to map hub
2024-11-13 02:02:14,324 - INFO - Connection successful
2024-11-13 02:02:14,325 - INFO - Connecting to object storage
2024-11-13 02:02:57,050 - INFO - Downloading photos on the traps layer
2024-11-13 02:03:13,154 - INFO - Downloading photos on the trap checks layer
2024-11-13 02:03:38,352 - INFO - Downloading photos on the fisher layer
2024-11-13 02:03:42,867 - INFO - Creating report
2024-11-13 02:03:42,869 - INFO - Generating traps sheet
2024-11-13 02:03:43,517 - INFO - Generating trap checks sheet
2024-11-13 02:03:44,094 - INFO - Generating fisher sheet
2024-11-13 02:03:44,641 - INFO - Uploading document to object storage
2024-11-13 02:03:44,959 - INFO - Creating WILD report
2024-11-13 02:03:45,659 - INFO - Getting info from TR0331T005_T005_1
2024-11-13 02:03:47,061 - INFO - Getting info from TR0331T005_T005_2
2024-11-13 02:03:47,912 - INFO - Getting info from TR0331T005_T005_3
2024-11-13 02:03:48,712 - INFO - Getting info from TR0331T005_T005_4
2024-11-13 02:03:49,632 - INFO - Getting info from TR0331T005_T005_5
2024-11-13 02:03:50,462 - INFO - Getting info from TR0331T005_T005_6
2024-11-13 02:03:51,262 - INFO - Getting info from TR0331T005_T005_7
2024-11-13 02:03:52,118 - INFO - Getting info from TR0331T005_T005_8
2024-11-13 02:03:53,023 - INFO - Getting info from TR0331T005_T005_9
2024-11-13 02:03:53,834 - INFO - Getting info from TR0331T005_T005_10
2024-11-13 02:03:54,614 - INFO - Getting info from TR0331T005_T005_11
2024-11-13 02:03:55,446 - INFO - Getting info from TR0331T005_T005_12
2024-11-13 02:03:56,380 - INFO - Getting info from TR0331T005_T005_13
2024-11-13 02:03:57,247 - INFO - Getting info from TR0331T005_T005_14
2024-11-13 02:03:58,220 - INFO - Getting info from TR0331T005_T005_18
2024-11-13 02:03:59,049 - INFO - Getting info from TR0331T005_T005_15
2024-11-13 02:04:00,140 - INFO - Getting info from TR0331T005_T005_16
2024-11-13 02:04:00,925 - INFO - Getting info from TR0331T005_T005_17
2024-11-13 02:04:01,823 - INFO - Getting info from TR0330T006_T006_1
2024-11-13 02:04:02,671 - INFO - Getting info from TR0330T006_T006_2
2024-11-13 02:04:03,498 - INFO - Getting info from TR0330T006_T006_3
2024-11-13 02:04:04,321 - INFO - Getting info from TR0330T006_T006_4
2024-11-13 02:04:05,148 - INFO - Getting info from TR0330T006_T006_5
2024-11-13 02:04:06,096 - INFO - Getting info from TR0330T006_T006_6
2024-11-13 02:04:06,945 - INFO - Getting info from TR0712T012_T012_1
2024-11-13 02:04:07,756 - INFO - Getting info from TR0712T012_T012_2
2024-11-13 02:04:09,027 - INFO - Getting info from TR0712T012_T012_3
2024-11-13 02:04:09,900 - INFO - Getting info from TR0712T010_T010_1
2024-11-13 02:04:10,769 - INFO - Getting info from TR0712T010_T010_2
2024-11-13 02:04:11,606 - INFO - Getting info from TR0712T012_T012_4
2024-11-13 02:04:11,733 - INFO - Getting info from TR0712T012_T012_5
2024-11-13 02:04:11,864 - INFO - Getting info from TR0317T005_T005_1
2024-11-13 02:04:11,966 - INFO - Getting info from TR0714T005_T005_1
2024-11-13 02:04:12,874 - INFO - Getting info from TR0714T005_T005_2
2024-11-13 02:04:13,869 - INFO - Getting info from TR0714T005_T005_3
2024-11-13 02:04:14,721 - INFO - Getting info from TR0515T003_T003_1
2024-11-13 02:04:15,646 - INFO - Getting info from TR0515T003_T003_2
2024-11-13 02:04:16,571 - INFO - Getting info from TR0715T013_T013_1
2024-11-13 02:04:17,382 - INFO - Getting info from TR0515T003_T003_3
2024-11-13 02:04:17,493 - INFO - Getting info from TR0515T003_T003_4
2024-11-13 02:04:17,857 - INFO - Getting info from TR0715T013_T013_2
2024-11-13 02:04:17,970 - INFO - Getting info from TR0331T002_T002_1
2024-11-13 02:04:18,140 - INFO - Getting info from TR0331T002_T002_2
2024-11-13 02:04:18,239 - INFO - Getting info from TR0331T002_T002_3
2024-11-13 02:04:18,347 - INFO - Getting info from TR0331T002_T002_4
2024-11-13 02:04:18,471 - INFO - Getting info from TR0331T002_T002_5
2024-11-13 02:04:18,866 - INFO - Getting info from TR0331T002_T002_6
2024-11-13 02:04:19,024 - INFO - Getting info from TR0712T010_T010_3
2024-11-13 02:04:19,870 - INFO - Getting info from TR0712T010_T010_4
2024-11-13 02:04:20,727 - INFO - Getting info from TR0712T010_T010_5
2024-11-13 02:04:21,597 - INFO - Getting info from TR0712T010_T010_6
2024-11-13 02:04:22,526 - INFO - Getting info from TR0712T009_T009_1
2024-11-13 02:04:23,395 - INFO - Getting info from TR0712T012_T012_6
2024-11-13 02:04:24,254 - INFO - Getting info from TR0712T012_T012_7
2024-11-13 02:04:25,105 - INFO - Getting info from TR0712T012_T012_8
2024-11-13 02:04:25,952 - INFO - Getting info from TR0712T012_T012_9
2024-11-13 02:04:26,060 - INFO - Getting info from TR0712T012_T012_10
2024-11-13 02:04:27,012 - INFO - Getting info from TR0712T012_T012_11
2024-11-13 02:04:27,874 - INFO - Getting info from TR0712T012_T012_12
2024-11-13 02:04:28,745 - INFO - Getting info from TR0712T012_T012_13
2024-11-13 02:04:29,621 - INFO - Getting info from TR0515T019_T019_1
2024-11-13 02:04:29,740 - INFO - Getting info from TR0502T054_T054_1
2024-11-13 02:04:29,860 - INFO - Getting info from TR0515T019_T019_2
2024-11-13 02:04:30,015 - INFO - Getting info from TR0331T005_T005_19
2024-11-13 02:04:30,821 - INFO - Getting info from TR0331T002_T002_7
2024-11-13 02:04:30,929 - INFO - Getting info from TR0331T002_T002_8
2024-11-13 02:04:31,029 - INFO - Getting info from TR0331T002_T002_9
2024-11-13 02:04:31,213 - INFO - Getting info from TR0331T005_T005_20
2024-11-13 02:04:31,380 - INFO - Getting info from TR0331T005_T005_21
2024-11-13 02:04:31,496 - INFO - Getting info from TR0331T005_T005_22
2024-11-13 02:04:32,290 - INFO - Getting info from TR0513T018_T018_1
2024-11-13 02:04:32,392 - INFO - Getting info from TR0331T005_T005_23
2024-11-13 02:04:33,162 - INFO - Getting info from TR0502T054_T054_2
2024-11-13 02:04:33,292 - INFO - Getting info from TR0712T010_T010_7
2024-11-13 02:04:34,567 - INFO - Getting info from TR0712T012_T012_14
2024-11-13 02:04:35,611 - INFO - Getting info from TR0712T012_T012_15
2024-11-13 02:04:36,518 - INFO - Getting info from TR0331T005_T005_24
2024-11-13 02:04:36,671 - INFO - Getting info from TR0331T005_T005_25
2024-11-13 02:04:37,433 - INFO - Getting info from TR0331T005_T005_26
2024-11-13 02:04:38,299 - INFO - Getting info from TR0331T005_T005_27
2024-11-13 02:04:39,111 - INFO - Getting info from TR0331T005_T005_28
2024-11-13 02:04:40,044 - INFO - Getting info from TR0331T005_T005_29
2024-11-13 02:04:40,869 - INFO - Getting info from TR0710T007_T007_1
2024-11-13 02:04:41,896 - INFO - Getting info from TR0725T001_T001_1
2024-11-13 02:04:41,998 - INFO - Getting info from TR0330T006_T006_7
2024-11-13 02:04:42,806 - INFO - Getting info from TR0331T005_T005_30
2024-11-13 02:04:42,920 - INFO - Getting info from TR0331T005_T005_31
2024-11-13 02:04:43,067 - INFO - Getting info from UNKNOWN_NOWN_1
2024-11-13 02:04:43,887 - INFO - Getting info from UNKNOWN_NOWN_2
2024-11-13 02:04:44,698 - INFO - Getting info from TR0712T012_T012_16
2024-11-13 02:04:45,542 - INFO - Getting info from TR0712T012_T012_17
2024-11-13 02:04:46,364 - INFO - Getting info from TR0712T012_T012_18
2024-11-13 02:04:47,267 - INFO - Getting info from TR0712T012_T012_19
2024-11-13 02:04:47,387 - INFO - Getting info from TR0712T012_T012_20
2024-11-13 02:04:48,246 - INFO - Getting info from TR0712T012_T012_21
2024-11-13 02:04:49,128 - INFO - Getting info from TR0615T010_T010_1
2024-11-13 02:04:49,925 - INFO - Getting info from TR0615T010_T010_2
2024-11-13 02:04:50,778 - INFO - Getting info from TR0615T010_T010_3
2024-11-13 02:04:51,621 - INFO - Getting info from TR0712T010_T010_8
2024-11-13 02:04:52,419 - INFO - Getting info from TR0712T012_T012_22
2024-11-13 02:04:53,334 - INFO - Getting info from TR0502T018_T018_1
2024-11-13 02:04:54,224 - INFO - Getting info from TR0502T018_T018_2
2024-11-13 02:04:55,180 - INFO - Getting info from TR0502T018_T018_3
2024-11-13 02:04:56,074 - INFO - Getting info from TR0502T018_T018_4
2024-11-13 02:04:57,500 - INFO - Getting info from TR0502T018_T018_5
2024-11-13 02:04:58,679 - INFO - Getting info from TR0502T018_T018_6
2024-11-13 02:04:59,599 - INFO - Getting info from TR0502T018_T018_7
2024-11-13 02:05:00,507 - INFO - Getting info from TR0502T018_T018_8
2024-11-13 02:05:01,404 - INFO - Getting info from TR0502T018_T018_9
2024-11-13 02:05:02,581 - INFO - Getting info from TR0502T018_T018_10
2024-11-13 02:05:03,644 - INFO - Getting info from TR0502T018_T018_11
2024-11-13 02:05:04,600 - INFO - Getting info from TR0502T018_T018_12
2024-11-13 02:05:05,547 - INFO - Getting info from TR0502T018_T018_13
2024-11-13 02:05:06,542 - INFO - Getting info from TR0502T018_T018_14
2024-11-13 02:05:07,422 - INFO - Getting info from TR0502T018_T018_15
2024-11-13 02:05:08,327 - INFO - Getting info from UNKNOWN_NOWN_3
2024-11-13 02:05:08,432 - INFO - Getting info from TR0502T005_T005_1
2024-11-13 02:05:09,316 - INFO - Getting info from UNKNOWN_NOWN_4
2024-11-13 02:05:10,132 - INFO - Getting info from TR0331T005_T005_32
2024-11-13 02:05:10,240 - INFO - Getting info from TR0331T005_T005_33
2024-11-13 02:05:10,375 - INFO - Getting info from TR0331T006_T006_1
2024-11-13 02:05:10,496 - INFO - Getting info from TR0331T005_
2024-11-13 02:05:11,346 - INFO - Getting info from TR0331T005_T005_34
2024-11-13 02:05:11,462 - INFO - Working on trap year: 2023/24
2024-11-13 02:05:11,462 - INFO - Creating report for TR0330T006
2024-11-13 02:05:11,462 - INFO - [[['Yes', 'Registered Trapline', 'TR0330T006', 'December', ['Weasel', 0, 0, 3, 'No', '', ''], '330'], ['Yes', 'Registered Trapline', 'TR0330T006', 'December', ['Flying squirrel ', 0, 0, 1, 'No', '', ''], '330'], ['Yes', 'Registered Trapline', 'TR0330T006', 'December', ['Marten', 0, 0, 1, 'No', '', ''], '330'], ['Yes', 'Registered Trapline', 'TR0330T006', 'January', ['Squirrel', 0, 0, 1, 'No', '', ''], '330'], ['Yes', 'Registered Trapline', 'TR0330T006', 'January', ['Weasel', 0, 0, 4, 'No', '', ''], '330'], ['Yes', 'Registered Trapline', 'TR0330T006', 'January', ['Fisher', 0, 0, 1, 'No', '', ''], '330'], ['Yes', 'Registered Trapline', 'TR0330T006', 'February', ['Weasel', 0, 0, 2, 'No', '', ''], '330'], ['Yes', 'Registered Trapline', 'TR0330T006', 'February', ['Squirrel', 0, 0, 1, 'No', '', ''], '330']], 14]
2024-11-13 02:05:11,462 - ERROR - There was an exception
Traceback (most recent call last):
  File "/usr/share/miniconda/envs/trapper_env/lib/python3.9/site-packages/pandas/core/internals/construction.py", line 934, in _finalize_columns_and_data
    columns = _validate_or_indexify_columns(contents, columns)
  File "/usr/share/miniconda/envs/trapper_env/lib/python3.9/site-packages/pandas/core/internals/construction.py", line 981, in _validate_or_indexify_columns
    raise AssertionError(
AssertionError: 13 columns passed, passed data had 7 columns

The above exception was the direct cause of the following exception:

Traceback (most recent call last):
  File "/home/runner/work/trapper-data-reporting/trapper-data-reporting/trapper_data_collection/trapper_reporting.py", line 28, in run_app
    report.create_wild_report()
  File "/home/runner/work/trapper-data-reporting/trapper-data-reporting/trapper_data_collection/trapper_reporting.py", line 278, in create_wild_report
    df = pd.DataFrame(data=lst_traps, columns=columns)
  File "/usr/share/miniconda/envs/trapper_env/lib/python3.9/site-packages/pandas/core/frame.py", line 782, in __init__
    arrays, columns, index = nested_data_to_arrays(
  File "/usr/share/miniconda/envs/trapper_env/lib/python3.9/site-packages/pandas/core/internals/construction.py", line 498, in nested_data_to_arrays
    arrays, columns = to_arrays(data, columns, dtype=dtype)
  File "/usr/share/miniconda/envs/trapper_env/lib/python3.9/site-packages/pandas/core/internals/construction.py", line 840, in to_arrays
    content, columns = _finalize_columns_and_data(arr, columns, dtype)
  File "/usr/share/miniconda/envs/trapper_env/lib/python3.9/site-packages/pandas/core/internals/construction.py", line 937, in _finalize_columns_and_data
    raise ValueError(err) from err
ValueError: 13 columns passed, passed data had 7 columns
2024-11-13 02:05:11,464 - INFO - Disconnecting from maphub
2024-11-13 02:05:11,464 - INFO - Closing object storage connection
